<?xml version="1.0" encoding="UTF-8"?>
<!-- Generated by org.testng.reporters.JUnitReportReporter -->
<testsuite hostname="PIDI-CPU-14614" failures="0" tests="1" name="base.com.saucedemo.test.TestLogin" time="0.347" errors="0" timestamp="2025-07-16T10:55:25 SGT" skipped="0">
  <testcase classname="base.com.saucedemo.test.TestLogin" name="testLoginErrorMsg" time="0.347"/>
</testsuite> <!-- base.com.saucedemo.test.TestLogin -->
