<?xml version="1.0" encoding="UTF-8"?>
<!-- Generated by org.testng.reporters.JUnitReportReporter -->
<testsuite hostname="PIDI-CPU-14614" failures="0" tests="1" name="base.com.saucedemo.test.TestProductpage" time="2.487" errors="0" timestamp="2025-07-16T12:35:14 SGT" skipped="0">
  <testcase classname="base.com.saucedemo.test.TestProductpage" name="testProductslist" time="2.487"/>
</testsuite> <!-- base.com.saucedemo.test.TestProductpage -->
